[0.083s] DEBUG:colcon:Command line arguments: ['/usr/bin/colcon', 'build', '--packages-select', 'ros2_joystick_serial']
[0.083s] DEBUG:colcon:Parsed command line arguments: Namespace(log_base=None, log_level=None, verb_name='build', build_base='build', install_base='install', merge_install=False, symlink_install=False, test_result_base=None, continue_on_error=False, executor='parallel', parallel_workers=2, event_handlers=None, ignore_user_meta=False, metas=['./colcon.meta'], base_paths=['.'], packages_ignore=None, packages_ignore_regex=None, paths=None, packages_up_to=None, packages_up_to_regex=None, packages_above=None, packages_above_and_dependencies=None, packages_above_depth=None, packages_select_by_dep=None, packages_skip_by_dep=None, packages_skip_up_to=None, packages_select_build_failed=False, packages_skip_build_finished=False, packages_select_test_failures=False, packages_skip_test_passed=False, packages_select=['ros2_joystick_serial'], packages_skip=None, packages_select_regex=None, packages_skip_regex=None, packages_start=None, packages_end=None, allow_overriding=[], cmake_args=None, cmake_target=None, cmake_target_skip_unavailable=False, cmake_clean_cache=False, cmake_clean_first=False, cmake_force_configure=False, ament_cmake_args=None, catkin_cmake_args=None, catkin_skip_building_tests=False, mixin_files=None, mixin=None, verb_parser=<colcon_mixin.mixin.mixin_argument.MixinArgumentDecorator object at 0xe5643b0959a0>, verb_extension=<colcon_core.verb.build.BuildVerb object at 0xe5643b1bb9e0>, main=<bound method BuildVerb.main of <colcon_core.verb.build.BuildVerb object at 0xe5643b1bb9e0>>, mixin_verb=('build',))
[0.122s] Level 1:colcon.colcon_core.package_discovery:discover_packages(colcon_meta) check parameters
[0.122s] Level 1:colcon.colcon_core.package_discovery:discover_packages(recursive) check parameters
[0.122s] Level 1:colcon.colcon_core.package_discovery:discover_packages(ignore) check parameters
[0.122s] Level 1:colcon.colcon_core.package_discovery:discover_packages(path) check parameters
[0.122s] Level 1:colcon.colcon_core.package_discovery:discover_packages(colcon_meta) discover
[0.122s] Level 1:colcon.colcon_core.package_discovery:discover_packages(recursive) discover
[0.122s] INFO:colcon.colcon_core.package_discovery:Crawling recursively for packages in '/home/parallels/Documents/hasel-engine-controller/joystick_ws'
[0.122s] Level 1:colcon.colcon_core.package_identification:_identify(.) by extensions ['ignore', 'ignore_ament_install']
[0.122s] Level 1:colcon.colcon_core.package_identification:_identify(.) by extension 'ignore'
[0.122s] Level 1:colcon.colcon_core.package_identification:_identify(.) by extension 'ignore_ament_install'
[0.122s] Level 1:colcon.colcon_core.package_identification:_identify(.) by extensions ['colcon_pkg']
[0.122s] Level 1:colcon.colcon_core.package_identification:_identify(.) by extension 'colcon_pkg'
[0.122s] Level 1:colcon.colcon_core.package_identification:_identify(.) by extensions ['colcon_meta']
[0.122s] Level 1:colcon.colcon_core.package_identification:_identify(.) by extension 'colcon_meta'
[0.122s] Level 1:colcon.colcon_core.package_identification:_identify(.) by extensions ['ros']
[0.122s] Level 1:colcon.colcon_core.package_identification:_identify(.) by extension 'ros'
[0.138s] Level 1:colcon.colcon_core.package_identification:_identify(.) by extensions ['cmake', 'python']
[0.138s] Level 1:colcon.colcon_core.package_identification:_identify(.) by extension 'cmake'
[0.139s] Level 1:colcon.colcon_core.package_identification:_identify(.) by extension 'python'
[0.139s] Level 1:colcon.colcon_core.package_identification:_identify(.) by extensions ['python_setup_py']
[0.139s] Level 1:colcon.colcon_core.package_identification:_identify(.) by extension 'python_setup_py'
[0.139s] Level 1:colcon.colcon_core.package_identification:_identify(build) by extensions ['ignore', 'ignore_ament_install']
[0.139s] Level 1:colcon.colcon_core.package_identification:_identify(build) by extension 'ignore'
[0.139s] Level 1:colcon.colcon_core.package_identification:_identify(build) ignored
[0.139s] Level 1:colcon.colcon_core.package_identification:_identify(install) by extensions ['ignore', 'ignore_ament_install']
[0.139s] Level 1:colcon.colcon_core.package_identification:_identify(install) by extension 'ignore'
[0.139s] Level 1:colcon.colcon_core.package_identification:_identify(install) ignored
[0.139s] Level 1:colcon.colcon_core.package_identification:_identify(log) by extensions ['ignore', 'ignore_ament_install']
[0.139s] Level 1:colcon.colcon_core.package_identification:_identify(log) by extension 'ignore'
[0.139s] Level 1:colcon.colcon_core.package_identification:_identify(log) ignored
[0.139s] Level 1:colcon.colcon_core.package_identification:_identify(src) by extensions ['ignore', 'ignore_ament_install']
[0.139s] Level 1:colcon.colcon_core.package_identification:_identify(src) by extension 'ignore'
[0.139s] Level 1:colcon.colcon_core.package_identification:_identify(src) by extension 'ignore_ament_install'
[0.139s] Level 1:colcon.colcon_core.package_identification:_identify(src) by extensions ['colcon_pkg']
[0.139s] Level 1:colcon.colcon_core.package_identification:_identify(src) by extension 'colcon_pkg'
[0.139s] Level 1:colcon.colcon_core.package_identification:_identify(src) by extensions ['colcon_meta']
[0.139s] Level 1:colcon.colcon_core.package_identification:_identify(src) by extension 'colcon_meta'
[0.139s] Level 1:colcon.colcon_core.package_identification:_identify(src) by extensions ['ros']
[0.139s] Level 1:colcon.colcon_core.package_identification:_identify(src) by extension 'ros'
[0.139s] Level 1:colcon.colcon_core.package_identification:_identify(src) by extensions ['cmake', 'python']
[0.139s] Level 1:colcon.colcon_core.package_identification:_identify(src) by extension 'cmake'
[0.139s] Level 1:colcon.colcon_core.package_identification:_identify(src) by extension 'python'
[0.139s] Level 1:colcon.colcon_core.package_identification:_identify(src) by extensions ['python_setup_py']
[0.139s] Level 1:colcon.colcon_core.package_identification:_identify(src) by extension 'python_setup_py'
[0.139s] Level 1:colcon.colcon_core.package_identification:_identify(src/ros2_joystick_serial) by extensions ['ignore', 'ignore_ament_install']
[0.139s] Level 1:colcon.colcon_core.package_identification:_identify(src/ros2_joystick_serial) by extension 'ignore'
[0.139s] Level 1:colcon.colcon_core.package_identification:_identify(src/ros2_joystick_serial) by extension 'ignore_ament_install'
[0.139s] Level 1:colcon.colcon_core.package_identification:_identify(src/ros2_joystick_serial) by extensions ['colcon_pkg']
[0.139s] Level 1:colcon.colcon_core.package_identification:_identify(src/ros2_joystick_serial) by extension 'colcon_pkg'
[0.139s] Level 1:colcon.colcon_core.package_identification:_identify(src/ros2_joystick_serial) by extensions ['colcon_meta']
[0.139s] Level 1:colcon.colcon_core.package_identification:_identify(src/ros2_joystick_serial) by extension 'colcon_meta'
[0.139s] Level 1:colcon.colcon_core.package_identification:_identify(src/ros2_joystick_serial) by extensions ['ros']
[0.139s] Level 1:colcon.colcon_core.package_identification:_identify(src/ros2_joystick_serial) by extension 'ros'
[0.141s] DEBUG:colcon.colcon_core.package_identification:Package 'src/ros2_joystick_serial' with type 'ros.ament_cmake' and name 'ros2_joystick_serial'
[0.141s] Level 1:colcon.colcon_core.package_discovery:discover_packages(recursive) using defaults
[0.141s] Level 1:colcon.colcon_core.package_discovery:discover_packages(ignore) discover
[0.141s] Level 1:colcon.colcon_core.package_discovery:discover_packages(ignore) using defaults
[0.142s] Level 1:colcon.colcon_core.package_discovery:discover_packages(path) discover
[0.142s] Level 1:colcon.colcon_core.package_discovery:discover_packages(path) using defaults
[0.157s] Level 1:colcon.colcon_core.package_discovery:discover_packages(prefix_path) check parameters
[0.157s] Level 1:colcon.colcon_core.package_discovery:discover_packages(prefix_path) discover
[0.157s] WARNING:colcon.colcon_ros.prefix_path.ament:The path '/home/parallels/Documents/hasel-engine-controller/joystick_ws/install/ros2_joystick_serial' in the environment variable AMENT_PREFIX_PATH doesn't exist
[0.158s] WARNING:colcon.colcon_ros.prefix_path.catkin:The path '/home/parallels/Documents/hasel-engine-controller/joystick_ws/install/ros2_joystick_serial' in the environment variable CMAKE_PREFIX_PATH doesn't exist
[0.158s] DEBUG:colcon.colcon_installed_package_information.package_discovery:Found 0 installed packages in /home/parallels/Documents/hasel-engine-controller/joystick_ws/install
[0.159s] DEBUG:colcon.colcon_installed_package_information.package_discovery:Found 285 installed packages in /opt/ros/jazzy
[0.160s] Level 1:colcon.colcon_core.package_discovery:discover_packages(prefix_path) using defaults
[0.184s] Level 5:colcon.colcon_core.verb:set package 'ros2_joystick_serial' build argument 'cmake_args' from command line to 'None'
[0.184s] Level 5:colcon.colcon_core.verb:set package 'ros2_joystick_serial' build argument 'cmake_target' from command line to 'None'
[0.184s] Level 5:colcon.colcon_core.verb:set package 'ros2_joystick_serial' build argument 'cmake_target_skip_unavailable' from command line to 'False'
[0.184s] Level 5:colcon.colcon_core.verb:set package 'ros2_joystick_serial' build argument 'cmake_clean_cache' from command line to 'False'
[0.184s] Level 5:colcon.colcon_core.verb:set package 'ros2_joystick_serial' build argument 'cmake_clean_first' from command line to 'False'
[0.184s] Level 5:colcon.colcon_core.verb:set package 'ros2_joystick_serial' build argument 'cmake_force_configure' from command line to 'False'
[0.184s] Level 5:colcon.colcon_core.verb:set package 'ros2_joystick_serial' build argument 'ament_cmake_args' from command line to 'None'
[0.184s] Level 5:colcon.colcon_core.verb:set package 'ros2_joystick_serial' build argument 'catkin_cmake_args' from command line to 'None'
[0.184s] Level 5:colcon.colcon_core.verb:set package 'ros2_joystick_serial' build argument 'catkin_skip_building_tests' from command line to 'False'
[0.185s] DEBUG:colcon.colcon_core.verb:Building package 'ros2_joystick_serial' with the following arguments: {'ament_cmake_args': None, 'build_base': '/home/parallels/Documents/hasel-engine-controller/joystick_ws/build/ros2_joystick_serial', 'catkin_cmake_args': None, 'catkin_skip_building_tests': False, 'cmake_args': None, 'cmake_clean_cache': False, 'cmake_clean_first': False, 'cmake_force_configure': False, 'cmake_target': None, 'cmake_target_skip_unavailable': False, 'install_base': '/home/parallels/Documents/hasel-engine-controller/joystick_ws/install/ros2_joystick_serial', 'merge_install': False, 'path': '/home/parallels/Documents/hasel-engine-controller/joystick_ws/src/ros2_joystick_serial', 'symlink_install': False, 'test_result_base': None}
[0.185s] INFO:colcon.colcon_core.executor:Executing jobs using 'parallel' executor
[0.185s] DEBUG:colcon.colcon_parallel_executor.executor.parallel:run_until_complete
[0.185s] INFO:colcon.colcon_ros.task.ament_cmake.build:Building ROS package in '/home/parallels/Documents/hasel-engine-controller/joystick_ws/src/ros2_joystick_serial' with build type 'ament_cmake'
[0.185s] INFO:colcon.colcon_cmake.task.cmake.build:Building CMake package in '/home/parallels/Documents/hasel-engine-controller/joystick_ws/src/ros2_joystick_serial'
[0.188s] INFO:colcon.colcon_core.plugin_system:Skipping extension 'colcon_core.shell.bat': Not used on non-Windows systems
[0.188s] INFO:colcon.colcon_core.shell:Skip shell extension 'powershell' for command environment: Not usable outside of PowerShell
[0.188s] DEBUG:colcon.colcon_core.shell:Skip shell extension 'dsv' for command environment
[0.192s] DEBUG:colcon.colcon_core.event_handler.log_command:Invoking command in '/home/parallels/Documents/hasel-engine-controller/joystick_ws/build/ros2_joystick_serial': CMAKE_PREFIX_PATH=${CMAKE_PREFIX_PATH}:/opt/ros/jazzy DEBUGINFOD_URLS=https://debuginfod.ubuntu.com /usr/bin/cmake /home/parallels/Documents/hasel-engine-controller/joystick_ws/src/ros2_joystick_serial -DCMAKE_INSTALL_PREFIX=/home/parallels/Documents/hasel-engine-controller/joystick_ws/install/ros2_joystick_serial
[0.780s] DEBUG:colcon.colcon_core.event_handler.log_command:Invoked command in '/home/parallels/Documents/hasel-engine-controller/joystick_ws/build/ros2_joystick_serial' returned '0': CMAKE_PREFIX_PATH=${CMAKE_PREFIX_PATH}:/opt/ros/jazzy DEBUGINFOD_URLS=https://debuginfod.ubuntu.com /usr/bin/cmake /home/parallels/Documents/hasel-engine-controller/joystick_ws/src/ros2_joystick_serial -DCMAKE_INSTALL_PREFIX=/home/parallels/Documents/hasel-engine-controller/joystick_ws/install/ros2_joystick_serial
[0.781s] DEBUG:colcon.colcon_core.event_handler.log_command:Invoking command in '/home/parallels/Documents/hasel-engine-controller/joystick_ws/build/ros2_joystick_serial': CMAKE_PREFIX_PATH=${CMAKE_PREFIX_PATH}:/opt/ros/jazzy DEBUGINFOD_URLS=https://debuginfod.ubuntu.com /usr/bin/cmake --build /home/parallels/Documents/hasel-engine-controller/joystick_ws/build/ros2_joystick_serial -- -j2 -l2
[0.803s] DEBUG:colcon.colcon_core.event_handler.log_command:Invoked command in '/home/parallels/Documents/hasel-engine-controller/joystick_ws/build/ros2_joystick_serial' returned '0': CMAKE_PREFIX_PATH=${CMAKE_PREFIX_PATH}:/opt/ros/jazzy DEBUGINFOD_URLS=https://debuginfod.ubuntu.com /usr/bin/cmake --build /home/parallels/Documents/hasel-engine-controller/joystick_ws/build/ros2_joystick_serial -- -j2 -l2
[0.809s] DEBUG:colcon.colcon_core.event_handler.log_command:Invoking command in '/home/parallels/Documents/hasel-engine-controller/joystick_ws/build/ros2_joystick_serial': CMAKE_PREFIX_PATH=${CMAKE_PREFIX_PATH}:/opt/ros/jazzy DEBUGINFOD_URLS=https://debuginfod.ubuntu.com /usr/bin/cmake --install /home/parallels/Documents/hasel-engine-controller/joystick_ws/build/ros2_joystick_serial
[0.818s] Level 1:colcon.colcon_core.environment:create_environment_scripts_only(ros2_joystick_serial)
[0.818s] DEBUG:colcon.colcon_core.event_handler.log_command:Invoked command in '/home/parallels/Documents/hasel-engine-controller/joystick_ws/build/ros2_joystick_serial' returned '0': CMAKE_PREFIX_PATH=${CMAKE_PREFIX_PATH}:/opt/ros/jazzy DEBUGINFOD_URLS=https://debuginfod.ubuntu.com /usr/bin/cmake --install /home/parallels/Documents/hasel-engine-controller/joystick_ws/build/ros2_joystick_serial
[0.822s] Level 1:colcon.colcon_core.environment:checking '/home/parallels/Documents/hasel-engine-controller/joystick_ws/install/ros2_joystick_serial' for CMake module files
[0.823s] Level 1:colcon.colcon_core.environment:checking '/home/parallels/Documents/hasel-engine-controller/joystick_ws/install/ros2_joystick_serial' for CMake config files
[0.823s] Level 1:colcon.colcon_core.shell:create_environment_hook('ros2_joystick_serial', 'cmake_prefix_path')
[0.823s] INFO:colcon.colcon_core.shell:Creating environment hook '/home/parallels/Documents/hasel-engine-controller/joystick_ws/install/ros2_joystick_serial/share/ros2_joystick_serial/hook/cmake_prefix_path.ps1'
[0.823s] INFO:colcon.colcon_core.shell:Creating environment descriptor '/home/parallels/Documents/hasel-engine-controller/joystick_ws/install/ros2_joystick_serial/share/ros2_joystick_serial/hook/cmake_prefix_path.dsv'
[0.824s] INFO:colcon.colcon_core.shell:Creating environment hook '/home/parallels/Documents/hasel-engine-controller/joystick_ws/install/ros2_joystick_serial/share/ros2_joystick_serial/hook/cmake_prefix_path.sh'
[0.824s] Level 1:colcon.colcon_core.environment:checking '/home/parallels/Documents/hasel-engine-controller/joystick_ws/install/ros2_joystick_serial/lib'
[0.824s] Level 1:colcon.colcon_core.environment:checking '/home/parallels/Documents/hasel-engine-controller/joystick_ws/install/ros2_joystick_serial/bin'
[0.824s] Level 1:colcon.colcon_core.environment:checking '/home/parallels/Documents/hasel-engine-controller/joystick_ws/install/ros2_joystick_serial/lib/pkgconfig/ros2_joystick_serial.pc'
[0.825s] Level 1:colcon.colcon_core.environment:checking '/home/parallels/Documents/hasel-engine-controller/joystick_ws/install/ros2_joystick_serial/lib/python3.12/site-packages'
[0.825s] Level 1:colcon.colcon_core.environment:checking '/home/parallels/Documents/hasel-engine-controller/joystick_ws/install/ros2_joystick_serial/bin'
[0.825s] INFO:colcon.colcon_core.shell:Creating package script '/home/parallels/Documents/hasel-engine-controller/joystick_ws/install/ros2_joystick_serial/share/ros2_joystick_serial/package.ps1'
[0.825s] INFO:colcon.colcon_core.shell:Creating package descriptor '/home/parallels/Documents/hasel-engine-controller/joystick_ws/install/ros2_joystick_serial/share/ros2_joystick_serial/package.dsv'
[0.826s] INFO:colcon.colcon_core.shell:Creating package script '/home/parallels/Documents/hasel-engine-controller/joystick_ws/install/ros2_joystick_serial/share/ros2_joystick_serial/package.sh'
[0.826s] INFO:colcon.colcon_core.shell:Creating package script '/home/parallels/Documents/hasel-engine-controller/joystick_ws/install/ros2_joystick_serial/share/ros2_joystick_serial/package.bash'
[0.827s] INFO:colcon.colcon_core.shell:Creating package script '/home/parallels/Documents/hasel-engine-controller/joystick_ws/install/ros2_joystick_serial/share/ros2_joystick_serial/package.zsh'
[0.828s] Level 1:colcon.colcon_core.environment:create_file_with_runtime_dependencies(/home/parallels/Documents/hasel-engine-controller/joystick_ws/install/ros2_joystick_serial/share/colcon-core/packages/ros2_joystick_serial)
[0.828s] Level 1:colcon.colcon_core.environment:create_environment_scripts_only(ros2_joystick_serial)
[0.828s] Level 1:colcon.colcon_core.environment:checking '/home/parallels/Documents/hasel-engine-controller/joystick_ws/install/ros2_joystick_serial' for CMake module files
[0.828s] Level 1:colcon.colcon_core.environment:checking '/home/parallels/Documents/hasel-engine-controller/joystick_ws/install/ros2_joystick_serial' for CMake config files
[0.829s] Level 1:colcon.colcon_core.shell:create_environment_hook('ros2_joystick_serial', 'cmake_prefix_path')
[0.829s] INFO:colcon.colcon_core.shell:Creating environment hook '/home/parallels/Documents/hasel-engine-controller/joystick_ws/install/ros2_joystick_serial/share/ros2_joystick_serial/hook/cmake_prefix_path.ps1'
[0.829s] INFO:colcon.colcon_core.shell:Creating environment descriptor '/home/parallels/Documents/hasel-engine-controller/joystick_ws/install/ros2_joystick_serial/share/ros2_joystick_serial/hook/cmake_prefix_path.dsv'
[0.829s] INFO:colcon.colcon_core.shell:Creating environment hook '/home/parallels/Documents/hasel-engine-controller/joystick_ws/install/ros2_joystick_serial/share/ros2_joystick_serial/hook/cmake_prefix_path.sh'
[0.829s] Level 1:colcon.colcon_core.environment:checking '/home/parallels/Documents/hasel-engine-controller/joystick_ws/install/ros2_joystick_serial/lib'
[0.829s] Level 1:colcon.colcon_core.environment:checking '/home/parallels/Documents/hasel-engine-controller/joystick_ws/install/ros2_joystick_serial/bin'
[0.829s] Level 1:colcon.colcon_core.environment:checking '/home/parallels/Documents/hasel-engine-controller/joystick_ws/install/ros2_joystick_serial/lib/pkgconfig/ros2_joystick_serial.pc'
[0.829s] Level 1:colcon.colcon_core.environment:checking '/home/parallels/Documents/hasel-engine-controller/joystick_ws/install/ros2_joystick_serial/lib/python3.12/site-packages'
[0.829s] Level 1:colcon.colcon_core.environment:checking '/home/parallels/Documents/hasel-engine-controller/joystick_ws/install/ros2_joystick_serial/bin'
[0.830s] INFO:colcon.colcon_core.shell:Creating package script '/home/parallels/Documents/hasel-engine-controller/joystick_ws/install/ros2_joystick_serial/share/ros2_joystick_serial/package.ps1'
[0.830s] INFO:colcon.colcon_core.shell:Creating package descriptor '/home/parallels/Documents/hasel-engine-controller/joystick_ws/install/ros2_joystick_serial/share/ros2_joystick_serial/package.dsv'
[0.830s] INFO:colcon.colcon_core.shell:Creating package script '/home/parallels/Documents/hasel-engine-controller/joystick_ws/install/ros2_joystick_serial/share/ros2_joystick_serial/package.sh'
[0.831s] INFO:colcon.colcon_core.shell:Creating package script '/home/parallels/Documents/hasel-engine-controller/joystick_ws/install/ros2_joystick_serial/share/ros2_joystick_serial/package.bash'
[0.831s] INFO:colcon.colcon_core.shell:Creating package script '/home/parallels/Documents/hasel-engine-controller/joystick_ws/install/ros2_joystick_serial/share/ros2_joystick_serial/package.zsh'
[0.831s] Level 1:colcon.colcon_core.environment:create_file_with_runtime_dependencies(/home/parallels/Documents/hasel-engine-controller/joystick_ws/install/ros2_joystick_serial/share/colcon-core/packages/ros2_joystick_serial)
[0.831s] DEBUG:colcon.colcon_parallel_executor.executor.parallel:closing loop
[0.831s] DEBUG:colcon.colcon_parallel_executor.executor.parallel:loop closed
[0.831s] DEBUG:colcon.colcon_parallel_executor.executor.parallel:run_until_complete finished with '0'
[0.832s] DEBUG:colcon.colcon_core.event_reactor:joining thread
[0.835s] INFO:colcon.colcon_core.plugin_system:Skipping extension 'colcon_notification.desktop_notification.terminal_notifier': Not used on non-Darwin systems
[0.835s] INFO:colcon.colcon_core.plugin_system:Skipping extension 'colcon_notification.desktop_notification.win32': Not used on non-Windows systems
[0.835s] INFO:colcon.colcon_notification.desktop_notification:Sending desktop notification using 'notify2'
[0.842s] DEBUG:colcon.colcon_core.event_reactor:joined thread
[0.842s] INFO:colcon.colcon_core.shell:Creating prefix script '/home/parallels/Documents/hasel-engine-controller/joystick_ws/install/local_setup.ps1'
[0.843s] INFO:colcon.colcon_core.shell:Creating prefix util module '/home/parallels/Documents/hasel-engine-controller/joystick_ws/install/_local_setup_util_ps1.py'
[0.846s] INFO:colcon.colcon_core.shell:Creating prefix chain script '/home/parallels/Documents/hasel-engine-controller/joystick_ws/install/setup.ps1'
[0.846s] INFO:colcon.colcon_core.shell:Creating prefix script '/home/parallels/Documents/hasel-engine-controller/joystick_ws/install/local_setup.sh'
[0.846s] INFO:colcon.colcon_core.shell:Creating prefix util module '/home/parallels/Documents/hasel-engine-controller/joystick_ws/install/_local_setup_util_sh.py'
[0.847s] INFO:colcon.colcon_core.shell:Creating prefix chain script '/home/parallels/Documents/hasel-engine-controller/joystick_ws/install/setup.sh'
[0.847s] INFO:colcon.colcon_core.shell:Creating prefix script '/home/parallels/Documents/hasel-engine-controller/joystick_ws/install/local_setup.bash'
[0.848s] INFO:colcon.colcon_core.shell:Creating prefix chain script '/home/parallels/Documents/hasel-engine-controller/joystick_ws/install/setup.bash'
[0.848s] INFO:colcon.colcon_core.shell:Creating prefix script '/home/parallels/Documents/hasel-engine-controller/joystick_ws/install/local_setup.zsh'
[0.849s] INFO:colcon.colcon_core.shell:Creating prefix chain script '/home/parallels/Documents/hasel-engine-controller/joystick_ws/install/setup.zsh'
