[0.547s] Invoking command in '/home/parallels/Documents/hasel-engine-controller/joystick_ws/src/ros2_joystick_serial': DEBUGINFOD_URLS=https://debuginfod.ubuntu.com PYTHONPATH=/home/parallels/Documents/hasel-engine-controller/joystick_ws/build/ros2_joystick_serial/prefix_override:/usr/lib/python3/dist-packages/colcon_core/task/python/colcon_distutils_commands:/home/parallels/Documents/hasel-engine-controller/joystick_ws/install/ros2_joystick_serial/lib/python3.12/site-packages:${PYTHONPATH} /usr/bin/python3 -W ignore:setup.py install is deprecated -W ignore:easy_install command is deprecated setup.py egg_info --egg-base ../../build/ros2_joystick_serial build --build-base /home/parallels/Documents/hasel-engine-controller/joystick_ws/build/ros2_joystick_serial/build install --record /home/parallels/Documents/hasel-engine-controller/joystick_ws/build/ros2_joystick_serial/install.log --single-version-externally-managed install_data
[0.671s] running egg_info
[0.671s] creating ../../build/ros2_joystick_serial/ros2_joystick_serial.egg-info
[0.678s] writing ../../build/ros2_joystick_serial/ros2_joystick_serial.egg-info/PKG-INFO
[0.678s] writing dependency_links to ../../build/ros2_joystick_serial/ros2_joystick_serial.egg-info/dependency_links.txt
[0.679s] writing entry points to ../../build/ros2_joystick_serial/ros2_joystick_serial.egg-info/entry_points.txt
[0.679s] writing requirements to ../../build/ros2_joystick_serial/ros2_joystick_serial.egg-info/requires.txt
[0.679s] writing top-level names to ../../build/ros2_joystick_serial/ros2_joystick_serial.egg-info/top_level.txt
[0.679s] writing manifest file '../../build/ros2_joystick_serial/ros2_joystick_serial.egg-info/SOURCES.txt'
[0.695s] reading manifest file '../../build/ros2_joystick_serial/ros2_joystick_serial.egg-info/SOURCES.txt'
[0.695s] adding license file 'LICENSE'
[0.695s] writing manifest file '../../build/ros2_joystick_serial/ros2_joystick_serial.egg-info/SOURCES.txt'
[0.696s] running build
[0.696s] running build_py
[0.696s] creating /home/parallels/Documents/hasel-engine-controller/joystick_ws/build/ros2_joystick_serial/build
[0.696s] creating /home/parallels/Documents/hasel-engine-controller/joystick_ws/build/ros2_joystick_serial/build/lib
[0.696s] creating /home/parallels/Documents/hasel-engine-controller/joystick_ws/build/ros2_joystick_serial/build/lib/ros2_joystick_serial
[0.696s] copying ros2_joystick_serial/__init__.py -> /home/parallels/Documents/hasel-engine-controller/joystick_ws/build/ros2_joystick_serial/build/lib/ros2_joystick_serial
[0.696s] copying ros2_joystick_serial/joystick_serial.py -> /home/parallels/Documents/hasel-engine-controller/joystick_ws/build/ros2_joystick_serial/build/lib/ros2_joystick_serial
[0.696s] running install
[0.699s] running install_lib
[0.708s] creating /home/parallels/Documents/hasel-engine-controller/joystick_ws/install/ros2_joystick_serial/lib/python3.12/site-packages/ros2_joystick_serial
[0.708s] copying /home/parallels/Documents/hasel-engine-controller/joystick_ws/build/ros2_joystick_serial/build/lib/ros2_joystick_serial/__init__.py -> /home/parallels/Documents/hasel-engine-controller/joystick_ws/install/ros2_joystick_serial/lib/python3.12/site-packages/ros2_joystick_serial
[0.708s] copying /home/parallels/Documents/hasel-engine-controller/joystick_ws/build/ros2_joystick_serial/build/lib/ros2_joystick_serial/joystick_serial.py -> /home/parallels/Documents/hasel-engine-controller/joystick_ws/install/ros2_joystick_serial/lib/python3.12/site-packages/ros2_joystick_serial
[0.708s] byte-compiling /home/parallels/Documents/hasel-engine-controller/joystick_ws/install/ros2_joystick_serial/lib/python3.12/site-packages/ros2_joystick_serial/__init__.py to __init__.cpython-312.pyc
[0.708s] byte-compiling /home/parallels/Documents/hasel-engine-controller/joystick_ws/install/ros2_joystick_serial/lib/python3.12/site-packages/ros2_joystick_serial/joystick_serial.py to joystick_serial.cpython-312.pyc
[0.709s] running install_data
[0.709s] copying resource/ros2_joystick_serial -> /home/parallels/Documents/hasel-engine-controller/joystick_ws/install/ros2_joystick_serial/share/ament_index/resource_index/packages
[0.709s] copying package.xml -> /home/parallels/Documents/hasel-engine-controller/joystick_ws/install/ros2_joystick_serial/share/ros2_joystick_serial
[0.709s] running install_egg_info
[0.718s] Copying ../../build/ros2_joystick_serial/ros2_joystick_serial.egg-info to /home/parallels/Documents/hasel-engine-controller/joystick_ws/install/ros2_joystick_serial/lib/python3.12/site-packages/ros2_joystick_serial-0.0.0-py3.12.egg-info
[0.719s] running install_scripts
[0.782s] Installing joystick_serial script to /home/parallels/Documents/hasel-engine-controller/joystick_ws/install/ros2_joystick_serial/lib/ros2_joystick_serial
[0.782s] writing list of installed files to '/home/parallels/Documents/hasel-engine-controller/joystick_ws/build/ros2_joystick_serial/install.log'
[0.800s] Invoked command in '/home/parallels/Documents/hasel-engine-controller/joystick_ws/src/ros2_joystick_serial' returned '0': DEBUGINFOD_URLS=https://debuginfod.ubuntu.com PYTHONPATH=/home/parallels/Documents/hasel-engine-controller/joystick_ws/build/ros2_joystick_serial/prefix_override:/usr/lib/python3/dist-packages/colcon_core/task/python/colcon_distutils_commands:/home/parallels/Documents/hasel-engine-controller/joystick_ws/install/ros2_joystick_serial/lib/python3.12/site-packages:${PYTHONPATH} /usr/bin/python3 -W ignore:setup.py install is deprecated -W ignore:easy_install command is deprecated setup.py egg_info --egg-base ../../build/ros2_joystick_serial build --build-base /home/parallels/Documents/hasel-engine-controller/joystick_ws/build/ros2_joystick_serial/build install --record /home/parallels/Documents/hasel-engine-controller/joystick_ws/build/ros2_joystick_serial/install.log --single-version-externally-managed install_data
