-- The C compiler identification is GNU 13.3.0
-- The CXX compiler identification is GNU 13.3.0
-- Detecting C compiler ABI info
-- Detecting C compiler ABI info - done
-- Check for working C compiler: /usr/bin/cc - skipped
-- Detecting C compile features
-- Detecting C compile features - done
-- Detecting CXX compiler ABI info
-- Detecting CXX compiler ABI info - done
-- Check for working CXX compiler: /usr/bin/c++ - skipped
-- Detecting CXX compile features
-- Detecting CXX compile features - done
-- Found ament_cmake: 2.5.3 (/opt/ros/jazzy/share/ament_cmake/cmake)
-- Found Python3: /usr/bin/python3 (found version "3.12.3") found components: Interpreter 
-- Found rclpy: 7.1.3 (/opt/ros/jazzy/share/rclpy/cmake)
-- Found std_msgs: 5.3.5 (/opt/ros/jazzy/share/std_msgs/cmake)
-- Found rosidl_generator_c: 4.6.5 (/opt/ros/jazzy/share/rosidl_generator_c/cmake)
-- Found rosidl_generator_cpp: 4.6.5 (/opt/ros/jazzy/share/rosidl_generator_cpp/cmake)
-- Using all available rosidl_typesupport_c: rosidl_typesupport_fastrtps_c;rosidl_typesupport_introspection_c
-- Using all available rosidl_typesupport_cpp: rosidl_typesupport_fastrtps_cpp;rosidl_typesupport_introspection_cpp
-- Found ament_lint_auto: 0.17.1 (/opt/ros/jazzy/share/ament_lint_auto/cmake)
-- Added test 'flake8' to check Python code syntax and style conventions
-- Configured 'flake8' exclude dirs and/or files: 
-- Added test 'lint_cmake' to check CMake code style
-- Added test 'pep257' to check Python code against some of the docstring style conventions in PEP 257
-- Added test 'xmllint' to check XML markup files
-- Configuring done (0.6s)
-- Generating done (0.0s)
-- Build files have been written to: /home/parallels/Documents/hasel-engine-controller/joystick_ws/build/ros2_joystick_serial
-- Install configuration: ""
-- Installing: /home/parallels/Documents/hasel-engine-controller/joystick_ws/install/ros2_joystick_serial/lib/ros2_joystick_serial/joystick_serial.py
-- Installing: /home/parallels/Documents/hasel-engine-controller/joystick_ws/install/ros2_joystick_serial/share/ament_index/resource_index/package_run_dependencies/ros2_joystick_serial
-- Installing: /home/parallels/Documents/hasel-engine-controller/joystick_ws/install/ros2_joystick_serial/share/ament_index/resource_index/parent_prefix_path/ros2_joystick_serial
-- Installing: /home/parallels/Documents/hasel-engine-controller/joystick_ws/install/ros2_joystick_serial/share/ros2_joystick_serial/environment/ament_prefix_path.sh
-- Installing: /home/parallels/Documents/hasel-engine-controller/joystick_ws/install/ros2_joystick_serial/share/ros2_joystick_serial/environment/ament_prefix_path.dsv
-- Installing: /home/parallels/Documents/hasel-engine-controller/joystick_ws/install/ros2_joystick_serial/share/ros2_joystick_serial/environment/path.sh
-- Installing: /home/parallels/Documents/hasel-engine-controller/joystick_ws/install/ros2_joystick_serial/share/ros2_joystick_serial/environment/path.dsv
-- Installing: /home/parallels/Documents/hasel-engine-controller/joystick_ws/install/ros2_joystick_serial/share/ros2_joystick_serial/local_setup.bash
-- Installing: /home/parallels/Documents/hasel-engine-controller/joystick_ws/install/ros2_joystick_serial/share/ros2_joystick_serial/local_setup.sh
-- Installing: /home/parallels/Documents/hasel-engine-controller/joystick_ws/install/ros2_joystick_serial/share/ros2_joystick_serial/local_setup.zsh
-- Installing: /home/parallels/Documents/hasel-engine-controller/joystick_ws/install/ros2_joystick_serial/share/ros2_joystick_serial/local_setup.dsv
-- Installing: /home/parallels/Documents/hasel-engine-controller/joystick_ws/install/ros2_joystick_serial/share/ros2_joystick_serial/package.dsv
-- Installing: /home/parallels/Documents/hasel-engine-controller/joystick_ws/install/ros2_joystick_serial/share/ament_index/resource_index/packages/ros2_joystick_serial
-- Installing: /home/parallels/Documents/hasel-engine-controller/joystick_ws/install/ros2_joystick_serial/share/ros2_joystick_serial/cmake/ros2_joystick_serialConfig.cmake
-- Installing: /home/parallels/Documents/hasel-engine-controller/joystick_ws/install/ros2_joystick_serial/share/ros2_joystick_serial/cmake/ros2_joystick_serialConfig-version.cmake
-- Installing: /home/parallels/Documents/hasel-engine-controller/joystick_ws/install/ros2_joystick_serial/share/ros2_joystick_serial/package.xml
